<?xml version="1.0" encoding="UTF-8"?>
<testng-results ignored="0" total="1" passed="1" failed="0" skipped="0">
  <reporter-output>
  </reporter-output>
  <suite started-at="2021-07-30T19:01:18 IST" name="Default suite" finished-at="2021-07-30T19:01:18 IST" duration-ms="176">
    <groups>
    </groups>
    <test started-at="2021-07-30T19:01:18 IST" name="Default test" finished-at="2021-07-30T19:01:18 IST" duration-ms="176">
      <class name="mahi.TestNG">
        <test-method is-config="true" signature="beforeMethod()[pri:0, instance:mahi.TestNG@6356695f]" started-at="2021-07-30T19:01:18 IST" name="beforeMethod" finished-at="2021-07-30T19:01:18 IST" duration-ms="24" status="PASS">
          <reporter-output>
          </reporter-output>
        </test-method> <!-- beforeMethod -->
        <test-method signature="f()[pri:0, instance:mahi.TestNG@6356695f]" started-at="2021-07-30T19:01:18 IST" name="f" finished-at="2021-07-30T19:01:18 IST" duration-ms="8" status="PASS">
          <reporter-output>
          </reporter-output>
        </test-method> <!-- f -->
        <test-method is-config="true" signature="afterMethod()[pri:0, instance:mahi.TestNG@6356695f]" started-at="2021-07-30T19:01:18 IST" name="afterMethod" finished-at="2021-07-30T19:01:18 IST" duration-ms="2" status="PASS">
          <reporter-output>
          </reporter-output>
        </test-method> <!-- afterMethod -->
      </class> <!-- mahi.TestNG -->
    </test> <!-- Default test -->
  </suite> <!-- Default suite -->
</testng-results>
